C51 COMPILER V9.54   MAIN                                                                  09/09/2015 19:57:15 PAGE 1   


C51 COMPILER V9.54, COMPILATION OF MODULE MAIN
OBJECT MODULE PLACED IN .\Objects\Main.obj
COMPILER INVOKED BY: D:\Keil\C51\BIN\C51.EXE Main.c OPTIMIZE(8,SPEED) BROWSE DEBUG OBJECTEXTEND PRINT(.\Listings\Main.ls
                    -t) OBJECT(.\Objects\Main.obj)

line level    source

   1                   /* 2015.09 */
   2           /* 广东石油化工学院 */
   3           /* Ryan_yuans  袁柏宁*/
   4           /* 基于液晶显示 ― 计算机 */
   5          
   6          #include<reg52.h>
   7          
   8          #define uchar unsigned char
   9          #define uint unsigned int
  10          #define ulong unsigned long
  11                  
  12          uchar step = 0;
  13          ulong num1 = 0;
  14          ulong num2 = 0;
  15          uchar mark = 0;
  16          ulong result = 0;
  17          
  18          uchar T0RH;
  19          uchar T0RL;
  20          
  21          extern void ClearAll();
  22          extern void KeyDriver();
  23          extern void ShowStr(uchar x,uchar y,uchar *str);
  24          extern void ClearArea(uchar x,uchar y,uchar len);
  25          extern void ClearAll();
  26          extern void KeyScan();
  27                  
  28          void main()
  29          {
  30   1              void ConfigTimer0(uint ms);
  31   1              void Reset1602();
  32   1      
  33   1              
  34   1              EA = 1;
  35   1              ConfigTimer0(1);
  36   1              Reset1602();
  37   1              ShowStr(15,1,"0");
  38   1              
  39   1              while(1)
  40   1              {
  41   2                              KeyDriver();
  42   2              }
  43   1      }
  44          
  45          void ConfigTimer0(uint ms)                      // 配置T0定时器中断
  46          {
  47   1              ulong tmp;
  48   1              
  49   1              tmp = 11059200 / 12;
  50   1              tmp = (tmp * ms) / 1000;
  51   1              tmp = 65536 - tmp;
  52   1              tmp = tmp + 28;
  53   1              T0RH = (uchar)(tmp >> 8);
  54   1              T0RL = (uchar)tmp;
C51 COMPILER V9.54   MAIN                                                                  09/09/2015 19:57:15 PAGE 2   

  55   1              TH0 = T0RH;
  56   1              TL0 = T0RL;
  57   1              TMOD &= 0XF0;
  58   1              TMOD |= 0X01;
  59   1              ET0 = 1;
  60   1              TR0 = 1;
  61   1      }
  62          
  63          unsigned char LongToString(uchar *str,signed long num)          // 长整型数转换为字符串,str为字符串指针
  64          {                                                                                                       // dat为待转换数, 返回值为字符串长度
  65   1              uchar i = 0;
  66   1              uchar len = 0;
  67   1              uchar buf[12];
  68   1              
  69   1              if(num < 0)
  70   1              {
  71   2                              num = -num;
  72   2                              *str++ = '-';
  73   2                              len++;
  74   2              }
  75   1              do
  76   1              {
  77   2                              buf[i] = num % 10;
  78   2                              num /= 10;
  79   2                              i++;
  80   2              }while(num > 0);
  81   1              
  82   1              len += i;
  83   1              
  84   1              while(i-- > 0)
  85   1              {
  86   2                              *str++ = buf[i] + '0';
  87   2              }
  88   1              *str++ = '\0';
  89   1              
  90   1              return len;
  91   1      }
  92          
  93          void ResetKey()                 // 计算器复位 , 复位num1 num2 step ..
  94          {
  95   1              num1 = 0;
  96   1              num2 = 0;
  97   1              step = 0;
  98   1              ClearAll();
  99   1      }
 100          
 101          void ShowMark(uchar row,uchar type)             // 在指令的行首显示运算符(+ - * /)
 102          {
 103   1              
 104   1              switch(type)
 105   1              {
 106   2                      case 0:
 107   2                                      ShowStr(0,row,"+"); break;
 108   2                      case 1:
 109   2                                      ShowStr(0,row,"-"); break;
 110   2                      case 2:
 111   2                                      ShowStr(0,row,"*"); break;
 112   2                      case 3:
 113   2                                      ShowStr(0,row,"/"); break;
 114   2                      default:
 115   2                                      break;
 116   2              }
C51 COMPILER V9.54   MAIN                                                                  09/09/2015 19:57:15 PAGE 3   

 117   1              
 118   1      }
 119          void NumKeyAction(uchar keycode)                // 当按下 ―― 数字键 , 操作1
 120          {
 121   1              uchar len;
 122   1              uchar str[12];
 123   1              
 124   1              if(step > 1)
 125   1              {
 126   2                              ResetKey();
 127   2              }
 128   1              if(step == 0)
 129   1              {
 130   2                              num1 = num1*10 + keycode;
 131   2                              len = LongToString(str,num1);   // 将长整型num1转换为字符串str, 返回字符串长度len
 132   2                              ShowStr(16 - len,1,str);                // 将字符串str显示在液晶屏中
 133   2                              ;
 134   2              }
 135   1              else if(step == 1)
 136   1              {
 137   2                              num2 = num2*10 + keycode;
 138   2                              len = LongToString(str,num2);
 139   2                              ShowStr(16 - len,1,str);
 140   2              }
 141   1      }
 142          
 143          void FuncKeyAction(uchar type)          // 当按下 ―― 功能键 , 操作2
 144          {
 145   1              uchar len;
 146   1              uchar str[12];
 147   1              
 148   1              if(step == 0)
 149   1              {
 150   2                              len = LongToString(str,num1);                   // 求出 num1 的长度，并将 num1 转换为字符存入 str 中
 151   2                              ClearArea(0,0,16 - len);
 152   2                              ShowStr(16 - len,0,str);
 153   2                              ShowMark(1,type);
 154   2                              ClearArea(1,1,14);
 155   2                              ShowStr(15,1,"0");
 156   2                              mark = type;
 157   2                              step = 1;
 158   2              }
 159   1              else if(step == 1)
 160   1              {
 161   2                      switch(mark)
 162   2                              {
 163   3                                      case 0:
 164   3                                                      num1 = num1 + num2; break;
 165   3                                      case 1:
 166   3                                                      num1 = num1 - num2; break;
 167   3                                      case 2:
 168   3                                                      num1 = num1 * num2; break;
 169   3                                      case 3:
 170   3                                                      num1 = num1 / num2; break;
 171   3                                      default:
 172   3                                                      break;
 173   3                              }
 174   2                      num2 = 0;
 175   2                      len = LongToString(str,num1);                   // 求出 num1 的长度，并将 num1 转换为字符存入 str 中
 176   2                      ClearArea(0,0,16 - len);
 177   2                      ShowStr(16 - len,0,str);
 178   2                      ShowMark(1,type);
C51 COMPILER V9.54   MAIN                                                                  09/09/2015 19:57:15 PAGE 4   

 179   2                      ClearArea(1,1,14);
 180   2                      ShowStr(15,1,"0");
 181   2                      mark = type;
 182   2                      step = 1;
 183   2              }
 184   1      }
 185          
 186          void GetResult()                // 当按下 ―― 回车键 , 操作3 (执行 功能键指令的操作结果 ) 
 187          {
 188   1              uchar len;
 189   1              uchar str[12];
 190   1              
 191   1              if(step == 1)
 192   1              {
 193   2                              step = 1;
 194   2                              switch(mark)
 195   2                              {
 196   3                                      case 0:
 197   3                                                      result = num1 + num2; break;
 198   3                                      case 1:
 199   3                                                      result = num1 - num2; break;
 200   3                                      case 2:
 201   3                                                      result = num1 * num2; break;
 202   3                                      case 3:
 203   3                                                      result = num1 / num2; break;
 204   3                                      default:
 205   3                                                      break;
 206   3                              }
 207   2                              len = LongToString(str,num2);
 208   2                              ShowMark(0,mark);                       // 显示第一行(num1)运算符
 209   2                              ClearArea(1,0,16 - len -1);                     // 清除第一行中间
 210   2                              ShowStr(16 - len,0,str);                        // 显示第一行
 211   2                              len = LongToString(str,result);
 212   2                              ShowStr(0,1,"=");
 213   2                              ClearArea(1,1,16 - len - 1);
 214   2                              ShowStr(16 - len,1,str);
 215   2                              
 216   2              }
 217   1      }
 218          
 219          
 220          void KeyAction(uchar keycode)           // 当按键有动作时 执行指定操作
 221          {
 222   1              
 223   1              if((keycode >= '0') && (keycode <= '9'))
 224   1              {
 225   2                              NumKeyAction(keycode - '0');
 226   2              }
 227   1              else if(keycode == 0X26)        // 向上按键 ‘+’
 228   1              {
 229   2                              FuncKeyAction(0);       
 230   2              }
 231   1              else if(keycode == 0X28)        // 向下按键 ‘-’
 232   1              {
 233   2                              FuncKeyAction(1);
 234   2              }
 235   1              else if(keycode == 0X25)        // 向左按键 ‘*’
 236   1              {
 237   2                              FuncKeyAction(2);
 238   2              }
 239   1              else if(keycode == 0X27)        // 向右按键 ‘/’
 240   1              {
C51 COMPILER V9.54   MAIN                                                                  09/09/2015 19:57:15 PAGE 5   

 241   2                              FuncKeyAction(3);
 242   2              }
 243   1              else if(keycode == 0X0D)        // 回车键       
 244   1              {
 245   2                              GetResult();
 246   2              }
 247   1              else if(keycode == 0X1B)        // 复位键
 248   1              {
 249   2                              ResetKey();
 250   2                              ShowStr(15,1,"0");
 251   2              }
 252   1      }
 253          
 254          void Timer0() interrupt 1               // T0中断 执行按键扫描
 255          {
 256   1              TH0 = T0RH;
 257   1              TL0 = T0RL;
 258   1              KeyScan();
 259   1      }


MODULE INFORMATION:   STATIC OVERLAYABLE
   CODE SIZE        =   1201    ----
   CONSTANT SIZE    =     12    ----
   XDATA SIZE       =   ----    ----
   PDATA SIZE       =   ----    ----
   DATA SIZE        =     16      68
   IDATA SIZE       =   ----    ----
   BIT SIZE         =   ----    ----
END OF MODULE INFORMATION.


C51 COMPILATION COMPLETE.  0 WARNING(S),  0 ERROR(S)
